<?xml version="1.0" encoding="UTF-8"?>
<testsuite name="SILab2Test" tests="1" skipped="0" failures="0" errors="0" timestamp="2023-05-21T00:51:06" hostname="DESKTOP-3J7DI0V" time="0.027">
  <properties/>
  <testcase name="everyBranchTest()" classname="SILab2Test" time="0.027"/>
  <system-out><![CDATA[]]></system-out>
  <system-err><![CDATA[]]></system-err>
</testsuite>
