<?xml version="1.0" encoding="UTF-8"?>
<testsuite name="SILab2Test" tests="2" skipped="0" failures="0" errors="0" timestamp="2023-05-20T23:33:58" hostname="DESKTOP-3J7DI0V" time="0.027">
  <properties/>
  <testcase name="everyPathTest()" classname="SILab2Test" time="0.025"/>
  <testcase name="multipleConditionTest()" classname="SILab2Test" time="0.001"/>
  <system-out><![CDATA[]]></system-out>
  <system-err><![CDATA[]]></system-err>
</testsuite>
